<?xml version="1.0" encoding="UTF-8"?>
<!-- Generated by org.testng.reporters.JUnitReportReporter -->
<testsuite skipped="0" hostname="ip-172-31-91-231" name="test.LoginTest" tests="2" failures="0" timestamp="2021-11-29T07:26:24 UTC" time="2.850" errors="0">
  <testcase name="NegativeLogin" time="1.275" classname="test.LoginTest"/>
  <system-out/>
  <testcase name="positiveLogin" time="1.575" classname="test.LoginTest"/>
  <system-out/>
</testsuite> <!-- test.LoginTest -->
